<?xml version="1.0" encoding="UTF-8"?>
<testng-results ignored="0" total="1" passed="1" failed="0" skipped="0">
  <reporter-output>
  </reporter-output>
  <suite started-at="2022-09-03T14:54:24 CEST" name="Command line suite" finished-at="2022-09-03T14:54:30 CEST" duration-ms="5803">
    <groups>
    </groups>
    <test started-at="2022-09-03T14:54:24 CEST" name="Command line test" finished-at="2022-09-03T14:54:30 CEST" duration-ms="5803">
      <class name="org.example.VerifyFilterAndSearchTest">
        <test-method is-config="true" signature="setWebDriver()[pri:0, instance:org.example.VerifyFilterAndSearchTest@49a26d19]" started-at="2022-09-03T14:54:24 CEST" name="setWebDriver" finished-at="2022-09-03T14:54:24 CEST" duration-ms="128" status="PASS">
          <reporter-output>
          </reporter-output>
        </test-method> <!-- setWebDriver -->
        <test-method signature="verifyBrandName()[pri:0, instance:org.example.VerifyFilterAndSearchTest@49a26d19]" started-at="2022-09-03T14:54:24 CEST" name="verifyBrandName" finished-at="2022-09-03T14:54:30 CEST" duration-ms="5657" status="PASS">
          <reporter-output>
          </reporter-output>
        </test-method> <!-- verifyBrandName -->
        <test-method is-config="true" signature="quite()[pri:0, instance:org.example.VerifyFilterAndSearchTest@49a26d19]" started-at="2022-09-03T14:54:30 CEST" name="quite" finished-at="2022-09-03T14:54:30 CEST" duration-ms="0" status="PASS">
          <reporter-output>
          </reporter-output>
        </test-method> <!-- quite -->
      </class> <!-- org.example.VerifyFilterAndSearchTest -->
    </test> <!-- Command line test -->
  </suite> <!-- Command line suite -->
</testng-results>
